Arguments: 
  /usr/bin/node /usr/local/bin/yarn install

PATH: 
  /usr/local/bin:/usr/bin:/bin:/usr/local/games:/usr/games

Yarn version: 
  1.22.0

Node version: 
  10.17.0

Platform: 
  linux x64

Trace: 
  Error: https://registry.yarnpkg.com/validator: ESOCKETTIMEDOUT
      at ClientRequest.<anonymous> (/usr/local/lib/node_modules/yarn/lib/cli.js:141354:19)
      at Object.onceWrapper (events.js:286:20)
      at ClientRequest.emit (events.js:198:13)
      at TLSSocket.emitRequestTimeout (_http_client.js:662:40)
      at Object.onceWrapper (events.js:286:20)
      at TLSSocket.emit (events.js:198:13)
      at TLSSocket.Socket._onTimeout (net.js:443:8)
      at ontimeout (timers.js:436:11)
      at tryOnTimeout (timers.js:300:5)
      at listOnTimeout (timers.js:263:5)

npm manifest: 
  {
    "name": "forumpj_api",
    "version": "1.0.0",
    "description": "an api for a forum app",
    "main": "index.js",
    "author": "mashar",
    "license": "MIT",
    "private": true,
    
    "dependencies":{
      "axios": "^0.19.0",
      "babel-core": "^6.26.3",
      "babel-eslint": "^10.0.2",
      "babel-plugin-transform-runtime": "^6.23.0",
      "babel-preset-es2015": "^6.24.1",
      "babel-preset-stage-1": "^6.24.1",
      "babel-register": "^6.26.0",
      "bcrypt": "^3.0.6",
      "body-parser": "^1.19.0",
      "buffer": "^5.4.3",
      "chalk": "^2.4.2",
      "compression": "^1.7.4",
      "constants": "^0.0.2",
      "cors": "^2.8.5",
      "crypto": "^1.0.1",
      "dotenv": "^8.0.0",
      "eslint-config-standard": "^13.0.1",
      "eslint-plugin-jest": "^22.14.1",
      "eslint-plugin-node": "^9.1.0",
      "eslint-plugin-promise": "^4.2.1",
      "eslint-plugin-standard": "^4.0.0",
      "express": "^4.17.1",
      "fuse.js": "^3.4.6",
      "jsonwebtoken": "^8.5.1",
      "moment": "^2.24.0",
      "mongoose": "^5.6.8",
      "morgan": "^1.9.1",
      "mpesa-api": "^2.1.2",
      "mpesa-node": "^0.1.3",
      "node-cron": "^2.0.3",
      "nodemailer": "^6.3.0",
      "randomstring": "^1.1.5",
      "request": "^2.88.0",
      "request-ip": "^2.1.3",
      "validator": "^11.1.0",
      "xoauth2": "^1.2.0"
    }
  }

yarn manifest: 
  No manifest

Lockfile: 
  No lockfile
